<?xml version="1.0" encoding="UTF-8"?>
<!-- Generated by org.testng.reporters.JUnitReportReporter -->
<testsuite hostname="MyGenie" failures="0" tests="6" name="testRunner.TestRunner" time="58.911" errors="1" timestamp="2024-12-17T13:47:30 CST" skipped="0">
  <testcase classname="testRunner.TestRunner" name="runScenario" time="10.057"/>
  <testcase classname="testRunner.TestRunner" name="runScenario" time="9.816"/>
  <testcase classname="testRunner.TestRunner" name="runScenario" time="11.143"/>
  <testcase classname="testRunner.TestRunner" name="runScenario" time="9.769"/>
  <testcase classname="testRunner.TestRunner" name="runScenario" time="9.063"/>
  <testcase classname="testRunner.TestRunner" name="runScenario" time="9.063">
    <error message="Error initializing Excel data: org.apache.poi.openxml4j.exceptions.InvalidFormatException: Failed to parse relationships" type="java.lang.RuntimeException">
      <![CDATA[java.lang.RuntimeException: Error initializing Excel data: org.apache.poi.openxml4j.exceptions.InvalidFormatException: Failed to parse relationships
at appHook.Hooks.setUp(Hooks.java:35)
]]>
    </error>
  </testcase> <!-- runScenario -->
</testsuite> <!-- testRunner.TestRunner -->
