<?xml version="1.0" encoding="UTF-8"?>
<!-- Generated by org.testng.reporters.JUnitReportReporter -->
<testsuite hostname="Cricket" failures="0" tests="6" name="testRunner.TestRunner" time="60.767" errors="0" timestamp="2024-12-20T00:40:03 CST" skipped="0">
  <testcase classname="testRunner.TestRunner" name="runScenario" time="11.385"/>
  <testcase classname="testRunner.TestRunner" name="runScenario" time="9.861"/>
  <testcase classname="testRunner.TestRunner" name="runScenario" time="10.382"/>
  <testcase classname="testRunner.TestRunner" name="runScenario" time="9.499"/>
  <testcase classname="testRunner.TestRunner" name="runScenario" time="9.813"/>
  <testcase classname="testRunner.TestRunner" name="runScenario" time="9.827"/>
</testsuite> <!-- testRunner.TestRunner -->
